

Microchip MPLAB XC8 Assembler V2.30 build 20200825195618 
                                                                                               Fri Sep 24 19:45:15 2021

Microchip MPLAB XC8 C Compiler v2.30 (Free license) build 20200825195618 Og1 
     1                           	processor	18F25K42
     2                           	fnconf	rparam,??,?,0
     3                           	pagewidth 120
     4                           	opt	flic
     5                           	psect	idataCOMRAM,global,class=CODE,delta=1,noexec
     6                           	psect	smallconst,global,reloc=2,class=SMALLCONST,delta=1,noexec
     7                           	psect	cinit,global,reloc=2,class=CODE,delta=1
     8                           	psect	bssCOMRAM,global,class=COMRAM,space=1,delta=1,lowdata,noexec
     9                           	psect	dataCOMRAM,global,class=COMRAM,space=1,delta=1,lowdata,noexec
    10                           	psect	cstackCOMRAM,global,class=COMRAM,space=1,delta=1,lowdata,noexec
    11                           	psect	text0,global,reloc=2,class=CODE,delta=1
    12                           	psect	text1,global,reloc=2,class=CODE,delta=1
    13                           	psect	text2,global,reloc=2,class=CODE,delta=1
    14                           	psect	text3,global,reloc=2,class=CODE,delta=1
    15                           	psect	text4,global,reloc=2,class=CODE,delta=1
    16                           	psect	text5,global,reloc=2,class=CODE,delta=1
    17                           	psect	text6,global,reloc=2,class=CODE,delta=1
    18                           	psect	text7,global,reloc=2,class=CODE,delta=1
    19                           	psect	text8,global,reloc=2,class=CODE,delta=1
    20                           	psect	intsave_regs,global,class=BIGRAM,space=1,delta=1,noexec
    21                           	psect	rparam,global,class=COMRAM,space=1,delta=1,noexec
    22                           	psect	idloc,global,abs,ovrld,class=IDLOC,space=5,delta=1,noexec
    23                           	psect	config,global,abs,ovrld,class=CONFIG,space=4,delta=1,noexec
    24  0000                     
    25                           ; Version 2.20
    26                           ; Generated 05/05/2020 GMT
    27                           ; 
    28                           ; Copyright © 2020, Microchip Technology Inc. and its subsidiaries ("Microchip")
    29                           ; All rights reserved.
    30                           ; 
    31                           ; This software is developed by Microchip Technology Inc. and its subsidiaries ("Microch
      +                          ip").
    32                           ; 
    33                           ; Redistribution and use in source and binary forms, with or without modification, are
    34                           ; permitted provided that the following conditions are met:
    35                           ; 
    36                           ;     1. Redistributions of source code must retain the above copyright notice, this lis
      +                          t of
    37                           ;        conditions and the following disclaimer.
    38                           ; 
    39                           ;     2. Redistributions in binary form must reproduce the above copyright notice, this 
      +                          list
    40                           ;        of conditions and the following disclaimer in the documentation and/or other
    41                           ;        materials provided with the distribution.
    42                           ; 
    43                           ;     3. Microchip's name may not be used to endorse or promote products derived from th
      +                          is
    44                           ;        software without specific prior written permission.
    45                           ; 
    46                           ; THIS SOFTWARE IS PROVIDED BY MICROCHIP "AS IS" AND ANY EXPRESS OR IMPLIED WARRANTIES,
    47                           ; INCLUDING, BUT NOT LIMITED TO, THE IMPLIED WARRANTIES OF MERCHANTABILITY AND FITNESS F
      +                          OR
    48                           ; PURPOSE ARE DISCLAIMED.  IN NO EVENT SHALL MICROCHIP BE LIABLE FOR ANY DIRECT, INDIREC
      +                          T,
    49                           ; INCIDENTAL, SPECIAL, EXEMPLARY, OR CONSEQUENTIAL DAMAGES (INCLUDING BUT NOT LIMITED TO
    50                           ; PROCUREMENT OF SUBSTITUTE GOODS OR SERVICES; LOSS OF USE, DATA OR PROFITS; OR BUSINESS
    51                           ; INTERRUPTION) HOWSOEVER CAUSED AND ON ANY THEORY OF LIABILITY, WHETHER IN CONTRACT, ST
      +                          RICT
    52                           ; LIABILITY, OR TORT (INCLUDING NEGLIGENCE OR OTHERWISE) ARISING IN ANY WAY OUT OF THE U
      +                          SE OF
    53                           ; THIS SOFTWARE, EVEN IF ADVISED OF THE POSSIBILITY OF SUCH DAMAGE.
    54                           ; 
    55                           ; 
    56                           ; Code-generator required, PIC18F25K42 Definitions
    57                           ; 
    58                           ; SFR Addresses
    59  0000                     
    60                           	psect	idataCOMRAM
    61  000ADE                     __pidataCOMRAM:
    62                           	callstack 0
    63                           
    64                           ;initializer for _buttons2
    65  000ADE  FC                 	db	252
    66                           
    67                           ;initializer for _buttons1
    68  000ADF  85                 	db	133
    69                           
    70                           	psect	smallconst
    71  000800                     __psmallconst:
    72                           	callstack 0
    73  000800  00                 	db	0
    74  000801                     _spi1_configuration:
    75                           	callstack 0
    76  000801  04                 	db	4
    77  000802  24                 	db	36
    78  000803  02                 	db	2
    79  000804  00                 	db	0
    80  000805  01                 	db	1
    81  000806                     __end_of_spi1_configuration:
    82                           	callstack 0
    83  0000                     _PIR2bits	set	14754
    84  0000                     _PMD7	set	14791
    85  0000                     _PMD6	set	14790
    86  0000                     _PMD5	set	14789
    87  0000                     _PMD4	set	14788
    88  0000                     _PMD3	set	14787
    89  0000                     _PMD2	set	14786
    90  0000                     _PMD1	set	14785
    91  0000                     _PMD0	set	14784
    92  0000                     _OSCTUNE	set	14814
    93  0000                     _OSCFRQ	set	14815
    94  0000                     _OSCEN	set	14813
    95  0000                     _OSCCON3	set	14811
    96  0000                     _OSCCON1	set	14809
    97  0000                     _SPI1SDIPPS	set	15071
    98  0000                     _RC5PPS	set	14869
    99  0000                     _SPI1SCKPPS	set	15070
   100  0000                     _INLVLE	set	14980
   101  0000                     _INLVLC	set	14948
   102  0000                     _INLVLB	set	14932
   103  0000                     _INLVLA	set	14916
   104  0000                     _SLRCONC	set	14947
   105  0000                     _SLRCONB	set	14931
   106  0000                     _SLRCONA	set	14915
   107  0000                     _ODCONC	set	14946
   108  0000                     _ODCONB	set	14930
   109  0000                     _ODCONA	set	14914
   110  0000                     _RC4I2C	set	14955
   111  0000                     _RC3I2C	set	14954
   112  0000                     _RB2I2C	set	14939
   113  0000                     _RB1I2C	set	14938
   114  0000                     _WPUC	set	14945
   115  0000                     _WPUA	set	14913
   116  0000                     _WPUB	set	14929
   117  0000                     _WPUE	set	14977
   118  0000                     _ANSELA	set	14912
   119  0000                     _ANSELB	set	14928
   120  0000                     _ANSELC	set	14944
   121  0000                     _SPI1STATUSbits	set	15639
   122  0000                     _SPI1RXB	set	15632
   123  0000                     _SPI1TXB	set	15633
   124  0000                     _SPI1TCNTL	set	15634
   125  0000                     _SPI1CON0bits	set	15636
   126  0000                     _SPI1BAUD	set	15641
   127  0000                     _SPI1CLK	set	15644
   128  0000                     _SPI1CON2	set	15638
   129  0000                     _SPI1CON1	set	15637
   130  0000                     _SPI1CON0	set	15636
   131  0000                     _PORTAbits	set	16330
   132  0000                     _LATAbits	set	16314
   133  0000                     _TRISCbits	set	16324
   134  0000                     _TRISC	set	16324
   135  0000                     _TRISB	set	16323
   136  0000                     _TRISA	set	16322
   137  0000                     _LATC	set	16316
   138  0000                     _LATB	set	16315
   139  0000                     _LATA	set	16314
   140  000806  00                 	db	0	; dummy byte at the end
   141  0000                     
   142                           ; #config settings
   143                           
   144                           	psect	cinit
   145  000A1C                     __pcinit:
   146                           	callstack 0
   147  000A1C                     start_initialization:
   148                           	callstack 0
   149  000A1C                     __initialization:
   150                           	callstack 0
   151                           
   152                           ; Initialize objects allocated to COMRAM (2 bytes)
   153                           ; load TBLPTR registers with __pidataCOMRAM
   154  000A1C  0EDE               	movlw	low __pidataCOMRAM
   155  000A1E  6EF6               	movwf	tblptrl,c
   156  000A20  0E0A               	movlw	high __pidataCOMRAM
   157  000A22  6EF7               	movwf	tblptrh,c
   158  000A24  0E00               	movlw	low (__pidataCOMRAM shr (0+16))
   159  000A26  6EF8               	movwf	tblptru,c
   160  000A28  0009               	tblrd		*+	;fetch initializer
   161  000A2A  006F FFD4  F011    	movff	tablat,__pdataCOMRAM
   162  000A30  0009               	tblrd		*+	;fetch initializer
   163  000A32  006F FFD4  F012    	movff	tablat,__pdataCOMRAM+1
   164                           
   165                           ; Clear objects allocated to COMRAM (6 bytes)
   166  000A38  6A10               	clrf	(__pbssCOMRAM+5)& (0+255),c
   167  000A3A  6A0F               	clrf	(__pbssCOMRAM+4)& (0+255),c
   168  000A3C  6A0E               	clrf	(__pbssCOMRAM+3)& (0+255),c
   169  000A3E  6A0D               	clrf	(__pbssCOMRAM+2)& (0+255),c
   170  000A40  6A0C               	clrf	(__pbssCOMRAM+1)& (0+255),c
   171  000A42  6A0B               	clrf	__pbssCOMRAM& (0+255),c
   172  000A44                     end_of_initialization:
   173                           	callstack 0
   174  000A44                     __end_of__initialization:
   175                           	callstack 0
   176  000A44  0E00               	movlw	low (__Lsmallconst shr (0+16))
   177  000A46  6EF8               	movwf	tblptru,c
   178  000A48  0E08               	movlw	high __Lsmallconst
   179  000A4A  6EF7               	movwf	tblptrh,c
   180  000A4C  0100               	movlb	0
   181  000A4E  EF65  F004         	goto	_main	;jump to C main() function
   182                           
   183                           	psect	bssCOMRAM
   184  00000B                     __pbssCOMRAM:
   185                           	callstack 0
   186  00000B                     _timeoutCounter:
   187                           	callstack 0
   188  00000B                     	ds	2
   189  00000D                     _counter:
   190                           	callstack 0
   191  00000D                     	ds	2
   192  00000F                     _recievedUpdate:
   193                           	callstack 0
   194  00000F                     	ds	1
   195  000010                     _parseIndex:
   196                           	callstack 0
   197  000010                     	ds	1
   198                           
   199                           	psect	dataCOMRAM
   200  000011                     __pdataCOMRAM:
   201                           	callstack 0
   202  000011                     _buttons2:
   203                           	callstack 0
   204  000011                     	ds	1
   205  000012                     _buttons1:
   206                           	callstack 0
   207  000012                     	ds	1
   208                           
   209                           	psect	cstackCOMRAM
   210  000001                     __pcstackCOMRAM:
   211                           	callstack 0
   212  000001                     ??_SPI1_Open:
   213  000001                     SPI1_ExchangeByte@data:
   214                           	callstack 0
   215                           
   216                           ; 1 bytes @ 0x0
   217  000001                     	ds	1
   218  000002                     SPI1_Open@spi1UniqueConfiguration:
   219                           	callstack 0
   220  000002                     spiexchange@ACK:
   221                           	callstack 0
   222                           
   223                           ; 1 bytes @ 0x1
   224  000002                     	ds	1
   225  000003                     spiexchange@transfer:
   226                           	callstack 0
   227                           
   228                           ; 1 bytes @ 0x2
   229  000003                     	ds	1
   230  000004                     spiexchange@receive:
   231                           	callstack 0
   232                           
   233                           ; 1 bytes @ 0x3
   234  000004                     	ds	1
   235  000005                     ??_main:
   236                           
   237                           ; 1 bytes @ 0x4
   238  000005                     	ds	5
   239  00000A                     main@cmd:
   240                           	callstack 0
   241                           
   242                           ; 1 bytes @ 0x9
   243  00000A                     	ds	1
   244                           
   245 ;;
   246 ;;Main: autosize = 0, tempsize = 2, incstack = 0, save=0
   247 ;;
   248 ;; *************** function _main *****************
   249 ;; Defined at:
   250 ;;		line 76 in file "main.c"
   251 ;; Parameters:    Size  Location     Type
   252 ;;		None
   253 ;; Auto vars:     Size  Location     Type
   254 ;;  cmd             1    9[COMRAM] unsigned char 
   255 ;;  param3          1    0        unsigned char 
   256 ;;  param2          1    0        unsigned char 
   257 ;;  param1          1    0        unsigned char 
   258 ;; Return value:  Size  Location     Type
   259 ;;                  1    wreg      void 
   260 ;; Registers used:
   261 ;;		wreg, status,2, status,0, tblptrl, tblptrh, tblptru, prodl, prodh, cstack
   262 ;; Tracked objects:
   263 ;;		On entry : 0/0
   264 ;;		On exit  : 0/0
   265 ;;		Unchanged: 0/0
   266 ;; Data sizes:     COMRAM   BANK0   BANK1   BANK2   BANK3   BANK4   BANK5   BANK6   BANK7
   267 ;;      Params:         0       0       0       0       0       0       0       0       0
   268 ;;      Locals:         4       0       0       0       0       0       0       0       0
   269 ;;      Temps:          2       0       0       0       0       0       0       0       0
   270 ;;      Totals:         6       0       0       0       0       0       0       0       0
   271 ;;Total ram usage:        6 bytes
   272 ;; Hardware stack levels required when called:    2
   273 ;; This function calls:
   274 ;;		_SPI1_Open
   275 ;;		_SYSTEM_Initialize
   276 ;;		_spiexchange
   277 ;; This function is called by:
   278 ;;		Startup code after reset
   279 ;; This function uses a non-reentrant model
   280 ;;
   281                           
   282                           	psect	text0
   283  0008CA                     __ptext0:
   284                           	callstack 0
   285  0008CA                     _main:
   286                           	callstack 29
   287  0008CA                     
   288                           ;main.c: 79:     SYSTEM_Initialize();
   289  0008CA  EC66  F005         	call	_SYSTEM_Initialize	;wreg free
   290  0008CE                     
   291                           ;main.c: 80:     SPI1_Open(SPI1_DEFAULT);
   292  0008CE  0E00               	movlw	0
   293  0008D0  EC04  F004         	call	_SPI1_Open
   294  0008D4                     
   295                           ;main.c: 81:     _delay((unsigned long)((200)*(64000000/4000.0)));
   296  0008D4  0E11               	movlw	17
   297  0008D6  6E06               	movwf	(??_main+1)^0,c
   298  0008D8  0E3C               	movlw	60
   299  0008DA  6E05               	movwf	??_main^0,c
   300  0008DC  0ECB               	movlw	203
   301  0008DE                     u207:
   302  0008DE  2EE8               	decfsz	wreg,f,c
   303  0008E0  D7FE               	bra	u207
   304  0008E2  2E05               	decfsz	??_main^0,f,c
   305  0008E4  D7FC               	bra	u207
   306  0008E6  2E06               	decfsz	(??_main+1)^0,f,c
   307  0008E8  D7FA               	bra	u207
   308  0008EA  F000               	nop	
   309  0008EC                     l1106:
   310                           
   311                           ;main.c: 96:         if(PORTAbits.RA5)
   312  0008EC  AACA               	btfss	202,5,c	;volatile
   313  0008EE  EF7B  F004         	goto	u161
   314  0008F2  EF7D  F004         	goto	u160
   315  0008F6                     u161:
   316  0008F6  EF7F  F004         	goto	l1110
   317  0008FA                     u160:
   318  0008FA  EF76  F004         	goto	l1106
   319  0008FE                     l1110:
   320                           
   321                           ;main.c: 103:         cmd = spiexchange(0xff,1);
   322  0008FE  0E01               	movlw	1
   323  000900  6E02               	movwf	spiexchange@ACK^0,c
   324  000902  0EFF               	movlw	255
   325  000904  ECF2  F004         	call	_spiexchange
   326  000908  6E0A               	movwf	main@cmd^0,c
   327  00090A                     
   328                           ;main.c: 107:         if(cmd == 0x01)
   329  00090A  040A               	decf	main@cmd^0,w,c
   330  00090C  A4D8               	btfss	status,2,c
   331  00090E  EF8B  F004         	goto	u171
   332  000912  EF8D  F004         	goto	u170
   333  000916                     u171:
   334  000916  EF93  F004         	goto	l1116
   335  00091A                     u170:
   336  00091A                     
   337                           ;main.c: 108:         {;main.c: 109:         cmd = spiexchange(0x41, 1);
   338  00091A  0E01               	movlw	1
   339  00091C  6E02               	movwf	spiexchange@ACK^0,c
   340  00091E  0E41               	movlw	65
   341  000920  ECF2  F004         	call	_spiexchange
   342  000924  6E0A               	movwf	main@cmd^0,c
   343  000926                     l1116:
   344                           
   345                           ;main.c: 112:         if(cmd == 0x42)
   346  000926  0E42               	movlw	66
   347  000928  180A               	xorwf	main@cmd^0,w,c
   348  00092A  A4D8               	btfss	status,2,c
   349  00092C  EF9A  F004         	goto	u181
   350  000930  EF9C  F004         	goto	u180
   351  000934                     u181:
   352  000934  EFA1  F004         	goto	l238
   353  000938                     u180:
   354  000938                     
   355                           ;main.c: 113:         {;main.c: 114:             spiexchange(0x5A, 1);
   356  000938  0E01               	movlw	1
   357  00093A  6E02               	movwf	spiexchange@ACK^0,c
   358  00093C  0E5A               	movlw	90
   359  00093E  ECF2  F004         	call	_spiexchange
   360  000942                     l238:
   361                           
   362                           ;main.c: 118:         spiexchange(buttons1,1);
   363  000942  0E01               	movlw	1
   364  000944  6E02               	movwf	spiexchange@ACK^0,c
   365  000946  0E85               	movlw	133
   366  000948  ECF2  F004         	call	_spiexchange
   367                           
   368                           ;main.c: 119:         spiexchange(buttons2,0);
   369  00094C  0E00               	movlw	0
   370  00094E  6E02               	movwf	spiexchange@ACK^0,c
   371  000950  0EFC               	movlw	252
   372  000952  ECF2  F004         	call	_spiexchange
   373  000956  88BA               	bsf	186,4,c	;volatile
   374  000958                     
   375                           ;main.c: 123:     if(!PORTAbits.RA5)
   376  000958  BACA               	btfsc	202,5,c	;volatile
   377  00095A  EFB1  F004         	goto	u191
   378  00095E  EFB3  F004         	goto	u190
   379  000962                     u191:
   380  000962  EF76  F004         	goto	l1106
   381  000966                     u190:
   382  000966                     
   383                           ;main.c: 124:     {;main.c: 125:         _delay((unsigned long)((20)*(64000000/4000000.0
      +                          )));
   384  000966  0E6A               	movlw	106
   385  000968                     u217:
   386  000968  2EE8               	decfsz	wreg,f,c
   387  00096A  D7FE               	bra	u217
   388  00096C  D000               	nop2	
   389  00096E  EF76  F004         	goto	l1106
   390  000972  EFFE  F03F         	goto	start
   391  000976                     __end_of_main:
   392                           	callstack 0
   393                           
   394 ;; *************** function _spiexchange *****************
   395 ;; Defined at:
   396 ;;		line 58 in file "main.c"
   397 ;; Parameters:    Size  Location     Type
   398 ;;  transfer        1    wreg     unsigned char 
   399 ;;  ACK             1    1[COMRAM] _Bool 
   400 ;; Auto vars:     Size  Location     Type
   401 ;;  transfer        1    2[COMRAM] unsigned char 
   402 ;;  receive         1    3[COMRAM] unsigned char 
   403 ;; Return value:  Size  Location     Type
   404 ;;                  1    wreg      unsigned char 
   405 ;; Registers used:
   406 ;;		wreg, status,2, cstack
   407 ;; Tracked objects:
   408 ;;		On entry : 0/0
   409 ;;		On exit  : 0/0
   410 ;;		Unchanged: 0/0
   411 ;; Data sizes:     COMRAM   BANK0   BANK1   BANK2   BANK3   BANK4   BANK5   BANK6   BANK7
   412 ;;      Params:         1       0       0       0       0       0       0       0       0
   413 ;;      Locals:         2       0       0       0       0       0       0       0       0
   414 ;;      Temps:          0       0       0       0       0       0       0       0       0
   415 ;;      Totals:         3       0       0       0       0       0       0       0       0
   416 ;;Total ram usage:        3 bytes
   417 ;; Hardware stack levels used:    1
   418 ;; Hardware stack levels required when called:    1
   419 ;; This function calls:
   420 ;;		_SPI1_ExchangeByte
   421 ;; This function is called by:
   422 ;;		_main
   423 ;; This function uses a non-reentrant model
   424 ;;
   425                           
   426                           	psect	text1
   427  0009E4                     __ptext1:
   428                           	callstack 0
   429  0009E4                     _spiexchange:
   430                           	callstack 29
   431                           
   432                           ;incstack = 0
   433                           ;spiexchange@transfer stored from wreg
   434  0009E4  6E03               	movwf	spiexchange@transfer^0,c
   435  0009E6  88BA               	bsf	186,4,c	;volatile
   436  0009E8                     
   437                           ;main.c: 63:     receive = SPI1_ExchangeByte(transfer);
   438  0009E8  5003               	movf	spiexchange@transfer^0,w,c
   439  0009EA  EC29  F005         	call	_SPI1_ExchangeByte
   440  0009EE  6E04               	movwf	spiexchange@receive^0,c
   441  0009F0                     
   442                           ;main.c: 64:     SPI1STATUSbits.CLRBF = 1;
   443  0009F0  013D               	movlb	61	; () banked
   444  0009F2  8517               	bsf	23,2,b	;volatile
   445  0009F4                     
   446                           ; BSR set to: 61
   447                           ;main.c: 65:     if(ACK)
   448  0009F4  5002               	movf	spiexchange@ACK^0,w,c
   449  0009F6  B4D8               	btfsc	status,2,c
   450  0009F8  EF00  F005         	goto	u151
   451  0009FC  EF02  F005         	goto	u150
   452  000A00                     u151:
   453  000A00  EF0C  F005         	goto	l1088
   454  000A04                     u150:
   455  000A04                     
   456                           ; BSR set to: 61
   457                           ;main.c: 66:     {;main.c: 67:         _delay((unsigned long)((20)*(64000000/4000000.0))
      +                          );
   458  000A04  0E6A               	movlw	106
   459  000A06                     u227:
   460  000A06  2EE8               	decfsz	wreg,f,c
   461  000A08  D7FE               	bra	u227
   462  000A0A  D000               	nop2	
   463  000A0C  98BA               	bcf	186,4,c	;volatile
   464  000A0E                     
   465                           ;main.c: 69:         _delay((unsigned long)((2.5)*(64000000/4000000.0)));
   466  000A0E  0E0D               	movlw	13
   467  000A10                     u237:
   468  000A10  2EE8               	decfsz	wreg,f,c
   469  000A12  D7FE               	bra	u237
   470  000A14  F000               	nop	
   471  000A16  88BA               	bsf	186,4,c	;volatile
   472  000A18                     l1088:
   473                           
   474                           ;main.c: 72:     return receive;
   475  000A18  5004               	movf	spiexchange@receive^0,w,c
   476  000A1A  0012               	return		;funcret
   477  000A1C                     __end_of_spiexchange:
   478                           	callstack 0
   479                           
   480 ;; *************** function _SPI1_ExchangeByte *****************
   481 ;; Defined at:
   482 ;;		line 100 in file "mcc_generated_files/spi1.c"
   483 ;; Parameters:    Size  Location     Type
   484 ;;  data            1    wreg     unsigned char 
   485 ;; Auto vars:     Size  Location     Type
   486 ;;  data            1    0[COMRAM] unsigned char 
   487 ;; Return value:  Size  Location     Type
   488 ;;                  1    wreg      unsigned char 
   489 ;; Registers used:
   490 ;;		wreg, status,2
   491 ;; Tracked objects:
   492 ;;		On entry : 0/0
   493 ;;		On exit  : 0/0
   494 ;;		Unchanged: 0/0
   495 ;; Data sizes:     COMRAM   BANK0   BANK1   BANK2   BANK3   BANK4   BANK5   BANK6   BANK7
   496 ;;      Params:         0       0       0       0       0       0       0       0       0
   497 ;;      Locals:         1       0       0       0       0       0       0       0       0
   498 ;;      Temps:          0       0       0       0       0       0       0       0       0
   499 ;;      Totals:         1       0       0       0       0       0       0       0       0
   500 ;;Total ram usage:        1 bytes
   501 ;; Hardware stack levels used:    1
   502 ;; This function calls:
   503 ;;		Nothing
   504 ;; This function is called by:
   505 ;;		_spiexchange
   506 ;;		_SPI1_WriteBlock
   507 ;;		_SPI1_ReadBlock
   508 ;; This function uses a non-reentrant model
   509 ;;
   510                           
   511                           	psect	text2
   512  000A52                     __ptext2:
   513                           	callstack 0
   514  000A52                     _SPI1_ExchangeByte:
   515                           	callstack 29
   516                           
   517                           ;incstack = 0
   518                           ;SPI1_ExchangeByte@data stored from wreg
   519  000A52  6E01               	movwf	SPI1_ExchangeByte@data^0,c
   520  000A54                     
   521                           ;mcc_generated_files/spi1.c: 100: uint8_t SPI1_ExchangeByte(uint8_t data);mcc_generated_
      +                          files/spi1.c: 101: {;mcc_generated_files/spi1.c: 102:     SPI1TCNTL = 1;
   522  000A54  0E01               	movlw	1
   523  000A56  013D               	movlb	61	; () banked
   524  000A58  6F12               	movwf	18,b	;volatile
   525  000A5A                     
   526                           ; BSR set to: 61
   527                           ;mcc_generated_files/spi1.c: 103:     SPI1TXB = data;
   528  000A5A  0060  F007  FD11   	movff	SPI1_ExchangeByte@data,15633	;volatile
   529  000A60                     l146:
   530  000A60  0139               	movlb	57	; () banked
   531  000A62  A9A2               	btfss	162,4,b	;volatile
   532  000A64  EF36  F005         	goto	u11
   533  000A68  EF38  F005         	goto	u10
   534  000A6C                     u11:
   535  000A6C  EF30  F005         	goto	l146
   536  000A70                     u10:
   537  000A70                     
   538                           ; BSR set to: 57
   539                           ;mcc_generated_files/spi1.c: 105:     return SPI1RXB;
   540  000A70  013D               	movlb	61	; () banked
   541  000A72  5110               	movf	16,w,b	;volatile
   542  000A74                     
   543                           ; BSR set to: 61
   544  000A74  0012               	return		;funcret
   545  000A76                     __end_of_SPI1_ExchangeByte:
   546                           	callstack 0
   547                           
   548 ;; *************** function _SYSTEM_Initialize *****************
   549 ;; Defined at:
   550 ;;		line 50 in file "mcc_generated_files/mcc.c"
   551 ;; Parameters:    Size  Location     Type
   552 ;;		None
   553 ;; Auto vars:     Size  Location     Type
   554 ;;		None
   555 ;; Return value:  Size  Location     Type
   556 ;;                  1    wreg      void 
   557 ;; Registers used:
   558 ;;		wreg, status,2, cstack
   559 ;; Tracked objects:
   560 ;;		On entry : 0/0
   561 ;;		On exit  : 0/0
   562 ;;		Unchanged: 0/0
   563 ;; Data sizes:     COMRAM   BANK0   BANK1   BANK2   BANK3   BANK4   BANK5   BANK6   BANK7
   564 ;;      Params:         0       0       0       0       0       0       0       0       0
   565 ;;      Locals:         0       0       0       0       0       0       0       0       0
   566 ;;      Temps:          0       0       0       0       0       0       0       0       0
   567 ;;      Totals:         0       0       0       0       0       0       0       0       0
   568 ;;Total ram usage:        0 bytes
   569 ;; Hardware stack levels used:    1
   570 ;; Hardware stack levels required when called:    1
   571 ;; This function calls:
   572 ;;		_OSCILLATOR_Initialize
   573 ;;		_PIN_MANAGER_Initialize
   574 ;;		_PMD_Initialize
   575 ;;		_SPI1_Initialize
   576 ;; This function is called by:
   577 ;;		_main
   578 ;; This function uses a non-reentrant model
   579 ;;
   580                           
   581                           	psect	text3
   582  000ACC                     __ptext3:
   583                           	callstack 0
   584  000ACC                     _SYSTEM_Initialize:
   585                           	callstack 29
   586  000ACC                     
   587                           ;mcc_generated_files/mcc.c: 52:     PMD_Initialize();
   588  000ACC  EC3B  F005         	call	_PMD_Initialize	;wreg free
   589                           
   590                           ;mcc_generated_files/mcc.c: 53:     PIN_MANAGER_Initialize();
   591  000AD0  ECBB  F004         	call	_PIN_MANAGER_Initialize	;wreg free
   592                           
   593                           ;mcc_generated_files/mcc.c: 54:     OSCILLATOR_Initialize();
   594  000AD4  EC5A  F005         	call	_OSCILLATOR_Initialize	;wreg free
   595                           
   596                           ;mcc_generated_files/mcc.c: 55:     SPI1_Initialize();
   597  000AD8  EC4D  F005         	call	_SPI1_Initialize	;wreg free
   598  000ADC  0012               	return		;funcret
   599  000ADE                     __end_of_SYSTEM_Initialize:
   600                           	callstack 0
   601                           
   602 ;; *************** function _SPI1_Initialize *****************
   603 ;; Defined at:
   604 ;;		line 64 in file "mcc_generated_files/spi1.c"
   605 ;; Parameters:    Size  Location     Type
   606 ;;		None
   607 ;; Auto vars:     Size  Location     Type
   608 ;;		None
   609 ;; Return value:  Size  Location     Type
   610 ;;                  1    wreg      void 
   611 ;; Registers used:
   612 ;;		wreg, status,2
   613 ;; Tracked objects:
   614 ;;		On entry : 0/0
   615 ;;		On exit  : 0/0
   616 ;;		Unchanged: 0/0
   617 ;; Data sizes:     COMRAM   BANK0   BANK1   BANK2   BANK3   BANK4   BANK5   BANK6   BANK7
   618 ;;      Params:         0       0       0       0       0       0       0       0       0
   619 ;;      Locals:         0       0       0       0       0       0       0       0       0
   620 ;;      Temps:          0       0       0       0       0       0       0       0       0
   621 ;;      Totals:         0       0       0       0       0       0       0       0       0
   622 ;;Total ram usage:        0 bytes
   623 ;; Hardware stack levels used:    1
   624 ;; This function calls:
   625 ;;		Nothing
   626 ;; This function is called by:
   627 ;;		_SYSTEM_Initialize
   628 ;; This function uses a non-reentrant model
   629 ;;
   630                           
   631                           	psect	text4
   632  000A9A                     __ptext4:
   633                           	callstack 0
   634  000A9A                     _SPI1_Initialize:
   635                           	callstack 29
   636  000A9A                     
   637                           ;mcc_generated_files/spi1.c: 67:     SPI1CON0 = 0x04;
   638  000A9A  0E04               	movlw	4
   639  000A9C  013D               	movlb	61	; () banked
   640  000A9E  6F14               	movwf	20,b	;volatile
   641                           
   642                           ;mcc_generated_files/spi1.c: 69:     SPI1CON1 = 0x24;
   643  000AA0  0E24               	movlw	36
   644  000AA2  6F15               	movwf	21,b	;volatile
   645                           
   646                           ;mcc_generated_files/spi1.c: 71:     SPI1CON2 = 0x02;
   647  000AA4  0E02               	movlw	2
   648  000AA6  6F16               	movwf	22,b	;volatile
   649                           
   650                           ;mcc_generated_files/spi1.c: 73:     SPI1CLK = 0x00;
   651  000AA8  0E00               	movlw	0
   652  000AAA  6F1C               	movwf	28,b	;volatile
   653                           
   654                           ;mcc_generated_files/spi1.c: 75:     SPI1BAUD = 0x00;
   655  000AAC  0E00               	movlw	0
   656  000AAE  6F19               	movwf	25,b	;volatile
   657  000AB0                     
   658                           ; BSR set to: 61
   659                           ;mcc_generated_files/spi1.c: 76:     TRISCbits.TRISC3 = 1;
   660  000AB0  86C4               	bsf	196,3,c	;volatile
   661  000AB2                     
   662                           ; BSR set to: 61
   663  000AB2  0012               	return		;funcret
   664  000AB4                     __end_of_SPI1_Initialize:
   665                           	callstack 0
   666                           
   667 ;; *************** function _PMD_Initialize *****************
   668 ;; Defined at:
   669 ;;		line 72 in file "mcc_generated_files/mcc.c"
   670 ;; Parameters:    Size  Location     Type
   671 ;;		None
   672 ;; Auto vars:     Size  Location     Type
   673 ;;		None
   674 ;; Return value:  Size  Location     Type
   675 ;;                  1    wreg      void 
   676 ;; Registers used:
   677 ;;		wreg, status,2
   678 ;; Tracked objects:
   679 ;;		On entry : 0/0
   680 ;;		On exit  : 0/0
   681 ;;		Unchanged: 0/0
   682 ;; Data sizes:     COMRAM   BANK0   BANK1   BANK2   BANK3   BANK4   BANK5   BANK6   BANK7
   683 ;;      Params:         0       0       0       0       0       0       0       0       0
   684 ;;      Locals:         0       0       0       0       0       0       0       0       0
   685 ;;      Temps:          0       0       0       0       0       0       0       0       0
   686 ;;      Totals:         0       0       0       0       0       0       0       0       0
   687 ;;Total ram usage:        0 bytes
   688 ;; Hardware stack levels used:    1
   689 ;; This function calls:
   690 ;;		Nothing
   691 ;; This function is called by:
   692 ;;		_SYSTEM_Initialize
   693 ;; This function uses a non-reentrant model
   694 ;;
   695                           
   696                           	psect	text5
   697  000A76                     __ptext5:
   698                           	callstack 0
   699  000A76                     _PMD_Initialize:
   700                           	callstack 29
   701  000A76                     
   702                           ;mcc_generated_files/mcc.c: 75:     PMD0 = 0x00;
   703  000A76  0E00               	movlw	0
   704  000A78  0139               	movlb	57	; () banked
   705  000A7A  6FC0               	movwf	192,b	;volatile
   706                           
   707                           ;mcc_generated_files/mcc.c: 77:     PMD1 = 0x00;
   708  000A7C  0E00               	movlw	0
   709  000A7E  6FC1               	movwf	193,b	;volatile
   710                           
   711                           ;mcc_generated_files/mcc.c: 79:     PMD2 = 0x00;
   712  000A80  0E00               	movlw	0
   713  000A82  6FC2               	movwf	194,b	;volatile
   714                           
   715                           ;mcc_generated_files/mcc.c: 81:     PMD3 = 0x00;
   716  000A84  0E00               	movlw	0
   717  000A86  6FC3               	movwf	195,b	;volatile
   718                           
   719                           ;mcc_generated_files/mcc.c: 83:     PMD4 = 0x00;
   720  000A88  0E00               	movlw	0
   721  000A8A  6FC4               	movwf	196,b	;volatile
   722                           
   723                           ;mcc_generated_files/mcc.c: 85:     PMD5 = 0x00;
   724  000A8C  0E00               	movlw	0
   725  000A8E  6FC5               	movwf	197,b	;volatile
   726                           
   727                           ;mcc_generated_files/mcc.c: 87:     PMD6 = 0x00;
   728  000A90  0E00               	movlw	0
   729  000A92  6FC6               	movwf	198,b	;volatile
   730                           
   731                           ;mcc_generated_files/mcc.c: 89:     PMD7 = 0x00;
   732  000A94  0E00               	movlw	0
   733  000A96  6FC7               	movwf	199,b	;volatile
   734  000A98                     
   735                           ; BSR set to: 57
   736  000A98  0012               	return		;funcret
   737  000A9A                     __end_of_PMD_Initialize:
   738                           	callstack 0
   739                           
   740 ;; *************** function _PIN_MANAGER_Initialize *****************
   741 ;; Defined at:
   742 ;;		line 55 in file "mcc_generated_files/pin_manager.c"
   743 ;; Parameters:    Size  Location     Type
   744 ;;		None
   745 ;; Auto vars:     Size  Location     Type
   746 ;;		None
   747 ;; Return value:  Size  Location     Type
   748 ;;                  1    wreg      void 
   749 ;; Registers used:
   750 ;;		wreg, status,2
   751 ;; Tracked objects:
   752 ;;		On entry : 0/0
   753 ;;		On exit  : 0/0
   754 ;;		Unchanged: 0/0
   755 ;; Data sizes:     COMRAM   BANK0   BANK1   BANK2   BANK3   BANK4   BANK5   BANK6   BANK7
   756 ;;      Params:         0       0       0       0       0       0       0       0       0
   757 ;;      Locals:         0       0       0       0       0       0       0       0       0
   758 ;;      Temps:          0       0       0       0       0       0       0       0       0
   759 ;;      Totals:         0       0       0       0       0       0       0       0       0
   760 ;;Total ram usage:        0 bytes
   761 ;; Hardware stack levels used:    1
   762 ;; This function calls:
   763 ;;		Nothing
   764 ;; This function is called by:
   765 ;;		_SYSTEM_Initialize
   766 ;; This function uses a non-reentrant model
   767 ;;
   768                           
   769                           	psect	text6
   770  000976                     __ptext6:
   771                           	callstack 0
   772  000976                     _PIN_MANAGER_Initialize:
   773                           	callstack 29
   774  000976                     
   775                           ;mcc_generated_files/pin_manager.c: 60:     LATA = 0x10;
   776  000976  0E10               	movlw	16
   777  000978  6EBA               	movwf	186,c	;volatile
   778                           
   779                           ;mcc_generated_files/pin_manager.c: 61:     LATB = 0x00;
   780  00097A  0E00               	movlw	0
   781  00097C  6EBB               	movwf	187,c	;volatile
   782                           
   783                           ;mcc_generated_files/pin_manager.c: 62:     LATC = 0x00;
   784  00097E  0E00               	movlw	0
   785  000980  6EBC               	movwf	188,c	;volatile
   786                           
   787                           ;mcc_generated_files/pin_manager.c: 67:     TRISA = 0xEF;
   788  000982  0EEF               	movlw	239
   789  000984  6EC2               	movwf	194,c	;volatile
   790  000986                     
   791                           ;mcc_generated_files/pin_manager.c: 68:     TRISB = 0xFF;
   792  000986  68C3               	setf	195,c	;volatile
   793                           
   794                           ;mcc_generated_files/pin_manager.c: 69:     TRISC = 0xDF;
   795  000988  0EDF               	movlw	223
   796  00098A  6EC4               	movwf	196,c	;volatile
   797                           
   798                           ;mcc_generated_files/pin_manager.c: 74:     ANSELC = 0x00;
   799  00098C  0E00               	movlw	0
   800  00098E  013A               	movlb	58	; () banked
   801  000990  6F60               	movwf	96,b	;volatile
   802                           
   803                           ;mcc_generated_files/pin_manager.c: 75:     ANSELB = 0x00;
   804  000992  0E00               	movlw	0
   805  000994  6F50               	movwf	80,b	;volatile
   806                           
   807                           ;mcc_generated_files/pin_manager.c: 76:     ANSELA = 0x0F;
   808  000996  0E0F               	movlw	15
   809  000998  6F40               	movwf	64,b	;volatile
   810                           
   811                           ;mcc_generated_files/pin_manager.c: 81:     WPUE = 0x00;
   812  00099A  0E00               	movlw	0
   813  00099C  6F81               	movwf	129,b	;volatile
   814                           
   815                           ;mcc_generated_files/pin_manager.c: 82:     WPUB = 0x00;
   816  00099E  0E00               	movlw	0
   817  0009A0  6F51               	movwf	81,b	;volatile
   818                           
   819                           ;mcc_generated_files/pin_manager.c: 83:     WPUA = 0x00;
   820  0009A2  0E00               	movlw	0
   821  0009A4  6F41               	movwf	65,b	;volatile
   822                           
   823                           ;mcc_generated_files/pin_manager.c: 84:     WPUC = 0x00;
   824  0009A6  0E00               	movlw	0
   825  0009A8  6F61               	movwf	97,b	;volatile
   826                           
   827                           ;mcc_generated_files/pin_manager.c: 89:     RB1I2C = 0x00;
   828  0009AA  0E00               	movlw	0
   829  0009AC  6F5A               	movwf	90,b	;volatile
   830                           
   831                           ;mcc_generated_files/pin_manager.c: 90:     RB2I2C = 0x00;
   832  0009AE  0E00               	movlw	0
   833  0009B0  6F5B               	movwf	91,b	;volatile
   834                           
   835                           ;mcc_generated_files/pin_manager.c: 91:     RC3I2C = 0x00;
   836  0009B2  0E00               	movlw	0
   837  0009B4  6F6A               	movwf	106,b	;volatile
   838                           
   839                           ;mcc_generated_files/pin_manager.c: 92:     RC4I2C = 0x00;
   840  0009B6  0E00               	movlw	0
   841  0009B8  6F6B               	movwf	107,b	;volatile
   842                           
   843                           ;mcc_generated_files/pin_manager.c: 97:     ODCONA = 0x00;
   844  0009BA  0E00               	movlw	0
   845  0009BC  6F42               	movwf	66,b	;volatile
   846                           
   847                           ;mcc_generated_files/pin_manager.c: 98:     ODCONB = 0x00;
   848  0009BE  0E00               	movlw	0
   849  0009C0  6F52               	movwf	82,b	;volatile
   850                           
   851                           ;mcc_generated_files/pin_manager.c: 99:     ODCONC = 0x00;
   852  0009C2  0E00               	movlw	0
   853  0009C4  6F62               	movwf	98,b	;volatile
   854  0009C6                     
   855                           ; BSR set to: 58
   856                           ;mcc_generated_files/pin_manager.c: 104:     SLRCONA = 0xFF;
   857  0009C6  6943               	setf	67,b	;volatile
   858  0009C8                     
   859                           ; BSR set to: 58
   860                           ;mcc_generated_files/pin_manager.c: 105:     SLRCONB = 0xFF;
   861  0009C8  6953               	setf	83,b	;volatile
   862  0009CA                     
   863                           ; BSR set to: 58
   864                           ;mcc_generated_files/pin_manager.c: 106:     SLRCONC = 0xFF;
   865  0009CA  6963               	setf	99,b	;volatile
   866  0009CC                     
   867                           ; BSR set to: 58
   868                           ;mcc_generated_files/pin_manager.c: 111:     INLVLA = 0xFF;
   869  0009CC  6944               	setf	68,b	;volatile
   870  0009CE                     
   871                           ; BSR set to: 58
   872                           ;mcc_generated_files/pin_manager.c: 112:     INLVLB = 0xFF;
   873  0009CE  6954               	setf	84,b	;volatile
   874  0009D0                     
   875                           ; BSR set to: 58
   876                           ;mcc_generated_files/pin_manager.c: 113:     INLVLC = 0xFF;
   877  0009D0  6964               	setf	100,b	;volatile
   878                           
   879                           ;mcc_generated_files/pin_manager.c: 114:     INLVLE = 0x08;
   880  0009D2  0E08               	movlw	8
   881  0009D4  6F84               	movwf	132,b	;volatile
   882                           
   883                           ;mcc_generated_files/pin_manager.c: 123:     SPI1SCKPPS = 0x13;
   884  0009D6  0E13               	movlw	19
   885  0009D8  6FDE               	movwf	222,b	;volatile
   886                           
   887                           ;mcc_generated_files/pin_manager.c: 124:     RC5PPS = 0x1F;
   888  0009DA  0E1F               	movlw	31
   889  0009DC  6F15               	movwf	21,b	;volatile
   890                           
   891                           ;mcc_generated_files/pin_manager.c: 125:     SPI1SDIPPS = 0x14;
   892  0009DE  0E14               	movlw	20
   893  0009E0  6FDF               	movwf	223,b	;volatile
   894  0009E2                     
   895                           ; BSR set to: 58
   896  0009E2  0012               	return		;funcret
   897  0009E4                     __end_of_PIN_MANAGER_Initialize:
   898                           	callstack 0
   899                           
   900 ;; *************** function _OSCILLATOR_Initialize *****************
   901 ;; Defined at:
   902 ;;		line 58 in file "mcc_generated_files/mcc.c"
   903 ;; Parameters:    Size  Location     Type
   904 ;;		None
   905 ;; Auto vars:     Size  Location     Type
   906 ;;		None
   907 ;; Return value:  Size  Location     Type
   908 ;;                  1    wreg      void 
   909 ;; Registers used:
   910 ;;		wreg, status,2
   911 ;; Tracked objects:
   912 ;;		On entry : 0/0
   913 ;;		On exit  : 0/0
   914 ;;		Unchanged: 0/0
   915 ;; Data sizes:     COMRAM   BANK0   BANK1   BANK2   BANK3   BANK4   BANK5   BANK6   BANK7
   916 ;;      Params:         0       0       0       0       0       0       0       0       0
   917 ;;      Locals:         0       0       0       0       0       0       0       0       0
   918 ;;      Temps:          0       0       0       0       0       0       0       0       0
   919 ;;      Totals:         0       0       0       0       0       0       0       0       0
   920 ;;Total ram usage:        0 bytes
   921 ;; Hardware stack levels used:    1
   922 ;; This function calls:
   923 ;;		Nothing
   924 ;; This function is called by:
   925 ;;		_SYSTEM_Initialize
   926 ;; This function uses a non-reentrant model
   927 ;;
   928                           
   929                           	psect	text7
   930  000AB4                     __ptext7:
   931                           	callstack 0
   932  000AB4                     _OSCILLATOR_Initialize:
   933                           	callstack 29
   934  000AB4                     
   935                           ;mcc_generated_files/mcc.c: 61:     OSCCON1 = 0x60;
   936  000AB4  0E60               	movlw	96
   937  000AB6  0139               	movlb	57	; () banked
   938  000AB8  6FD9               	movwf	217,b	;volatile
   939                           
   940                           ;mcc_generated_files/mcc.c: 63:     OSCCON3 = 0x00;
   941  000ABA  0E00               	movlw	0
   942  000ABC  6FDB               	movwf	219,b	;volatile
   943                           
   944                           ;mcc_generated_files/mcc.c: 65:     OSCEN = 0x00;
   945  000ABE  0E00               	movlw	0
   946  000AC0  6FDD               	movwf	221,b	;volatile
   947                           
   948                           ;mcc_generated_files/mcc.c: 67:     OSCFRQ = 0x08;
   949  000AC2  0E08               	movlw	8
   950  000AC4  6FDF               	movwf	223,b	;volatile
   951                           
   952                           ;mcc_generated_files/mcc.c: 69:     OSCTUNE = 0x00;
   953  000AC6  0E00               	movlw	0
   954  000AC8  6FDE               	movwf	222,b	;volatile
   955  000ACA                     
   956                           ; BSR set to: 57
   957  000ACA  0012               	return		;funcret
   958  000ACC                     __end_of_OSCILLATOR_Initialize:
   959                           	callstack 0
   960                           
   961 ;; *************** function _SPI1_Open *****************
   962 ;; Defined at:
   963 ;;		line 79 in file "mcc_generated_files/spi1.c"
   964 ;; Parameters:    Size  Location     Type
   965 ;;  spi1UniqueCo    1    wreg     enum E355
   966 ;; Auto vars:     Size  Location     Type
   967 ;;  spi1UniqueCo    1    1[COMRAM] enum E355
   968 ;; Return value:  Size  Location     Type
   969 ;;                  1    wreg      _Bool 
   970 ;; Registers used:
   971 ;;		wreg, status,2, status,0, tblptrl, tblptrh, tblptru, prodl, prodh
   972 ;; Tracked objects:
   973 ;;		On entry : 0/0
   974 ;;		On exit  : 0/0
   975 ;;		Unchanged: 0/0
   976 ;; Data sizes:     COMRAM   BANK0   BANK1   BANK2   BANK3   BANK4   BANK5   BANK6   BANK7
   977 ;;      Params:         0       0       0       0       0       0       0       0       0
   978 ;;      Locals:         1       0       0       0       0       0       0       0       0
   979 ;;      Temps:          1       0       0       0       0       0       0       0       0
   980 ;;      Totals:         2       0       0       0       0       0       0       0       0
   981 ;;Total ram usage:        2 bytes
   982 ;; Hardware stack levels used:    1
   983 ;; This function calls:
   984 ;;		Nothing
   985 ;; This function is called by:
   986 ;;		_main
   987 ;; This function uses a non-reentrant model
   988 ;;
   989                           
   990                           	psect	text8
   991  000808                     __ptext8:
   992                           	callstack 0
   993  000808                     _SPI1_Open:
   994                           	callstack 30
   995                           
   996                           ; BSR set to: 57
   997                           ;incstack = 0
   998                           ;SPI1_Open@spi1UniqueConfiguration stored from wreg
   999  000808  6E02               	movwf	SPI1_Open@spi1UniqueConfiguration^0,c
  1000  00080A                     
  1001                           ;mcc_generated_files/spi1.c: 79: _Bool SPI1_Open(spi1_modes_t spi1UniqueConfiguration);m
      +                          cc_generated_files/spi1.c: 80: {;mcc_generated_files/spi1.c: 81:     if(!SPI1CON0bits.EN
      +                          )
  1002  00080A  013D               	movlb	61	; () banked
  1003  00080C  BF14               	btfsc	20,7,b	;volatile
  1004  00080E  EF0B  F004         	goto	u21
  1005  000812  EF0D  F004         	goto	u20
  1006  000816                     u21:
  1007  000816  EF64  F004         	goto	l140
  1008  00081A                     u20:
  1009  00081A                     
  1010                           ; BSR set to: 61
  1011                           ;mcc_generated_files/spi1.c: 82:     {;mcc_generated_files/spi1.c: 83:         SPI1CON0 
      +                          = spi1_configuration[spi1UniqueConfiguration].con0;
  1012  00081A  5002               	movf	SPI1_Open@spi1UniqueConfiguration^0,w,c
  1013  00081C  0D05               	mullw	5
  1014  00081E  0E01               	movlw	low _spi1_configuration
  1015  000820  24F3               	addwf	243,w,c
  1016  000822  6EF6               	movwf	tblptrl,c
  1017  000824  0E08               	movlw	high _spi1_configuration
  1018  000826  20F4               	addwfc	244,w,c
  1019  000828  6EF7               	movwf	tblptrh,c
  1020  00082A                     	if	0	;There are less than 3 active tblptr bytes
  1021  00082A                     	endif
  1022  00082A  0008               	tblrd		*
  1023  00082C  006F FFD7 FD14     	movff	tablat,15636	;volatile
  1024                           
  1025                           ;mcc_generated_files/spi1.c: 84:         SPI1CON1 = spi1_configuration[spi1UniqueConfigu
      +                          ration].con1;
  1026  000832  5002               	movf	SPI1_Open@spi1UniqueConfiguration^0,w,c
  1027  000834  0D05               	mullw	5
  1028  000836  0E01               	movlw	1
  1029  000838  26F3               	addwf	243,f,c
  1030  00083A  0E00               	movlw	0
  1031  00083C  22F4               	addwfc	244,f,c
  1032  00083E  0E01               	movlw	low _spi1_configuration
  1033  000840  24F3               	addwf	243,w,c
  1034  000842  6EF6               	movwf	tblptrl,c
  1035  000844  0E08               	movlw	high _spi1_configuration
  1036  000846  20F4               	addwfc	244,w,c
  1037  000848  6EF7               	movwf	tblptrh,c
  1038  00084A                     	if	0	;There are less than 3 active tblptr bytes
  1039  00084A                     	endif
  1040  00084A  0008               	tblrd		*
  1041  00084C  006F FFD7 FD15     	movff	tablat,15637	;volatile
  1042                           
  1043                           ;mcc_generated_files/spi1.c: 85:         SPI1CON2 = spi1_configuration[spi1UniqueConfigu
      +                          ration].con2 | (0x1 | 0x2);
  1044  000852  5002               	movf	SPI1_Open@spi1UniqueConfiguration^0,w,c
  1045  000854  0D05               	mullw	5
  1046  000856  0E02               	movlw	2
  1047  000858  26F3               	addwf	243,f,c
  1048  00085A  0E00               	movlw	0
  1049  00085C  22F4               	addwfc	244,f,c
  1050  00085E  0E01               	movlw	low _spi1_configuration
  1051  000860  24F3               	addwf	243,w,c
  1052  000862  6EF6               	movwf	tblptrl,c
  1053  000864  0E08               	movlw	high _spi1_configuration
  1054  000866  20F4               	addwfc	244,w,c
  1055  000868  6EF7               	movwf	tblptrh,c
  1056  00086A                     	if	0	;There are less than 3 active tblptr bytes
  1057  00086A                     	endif
  1058  00086A  0008               	tblrd		*
  1059  00086C  50F5               	movf	tablat,w,c
  1060  00086E  0903               	iorlw	3
  1061  000870  6F16               	movwf	22,b	;volatile
  1062  000872                     
  1063                           ; BSR set to: 61
  1064                           ;mcc_generated_files/spi1.c: 86:         SPI1CLK = 0x00;
  1065  000872  0E00               	movlw	0
  1066  000874  6F1C               	movwf	28,b	;volatile
  1067  000876                     
  1068                           ; BSR set to: 61
  1069                           ;mcc_generated_files/spi1.c: 87:         SPI1BAUD = spi1_configuration[spi1UniqueConfigu
      +                          ration].baud;
  1070  000876  5002               	movf	SPI1_Open@spi1UniqueConfiguration^0,w,c
  1071  000878  0D05               	mullw	5
  1072  00087A  0E03               	movlw	3
  1073  00087C  26F3               	addwf	243,f,c
  1074  00087E  0E00               	movlw	0
  1075  000880  22F4               	addwfc	244,f,c
  1076  000882  0E01               	movlw	low _spi1_configuration
  1077  000884  24F3               	addwf	243,w,c
  1078  000886  6EF6               	movwf	tblptrl,c
  1079  000888  0E08               	movlw	high _spi1_configuration
  1080  00088A  20F4               	addwfc	244,w,c
  1081  00088C  6EF7               	movwf	tblptrh,c
  1082  00088E                     	if	0	;There are less than 3 active tblptr bytes
  1083  00088E                     	endif
  1084  00088E  0008               	tblrd		*
  1085  000890  006F FFD7 FD19     	movff	tablat,15641	;volatile
  1086  000896                     
  1087                           ; BSR set to: 61
  1088                           ;mcc_generated_files/spi1.c: 88:         TRISCbits.TRISC3 = spi1_configuration[spi1Uniqu
      +                          eConfiguration].operation;
  1089  000896  5002               	movf	SPI1_Open@spi1UniqueConfiguration^0,w,c
  1090  000898  0D05               	mullw	5
  1091  00089A  0E04               	movlw	4
  1092  00089C  26F3               	addwf	243,f,c
  1093  00089E  0E00               	movlw	0
  1094  0008A0  22F4               	addwfc	244,f,c
  1095  0008A2  0E01               	movlw	low _spi1_configuration
  1096  0008A4  24F3               	addwf	243,w,c
  1097  0008A6  6EF6               	movwf	tblptrl,c
  1098  0008A8  0E08               	movlw	high _spi1_configuration
  1099  0008AA  20F4               	addwfc	244,w,c
  1100  0008AC  6EF7               	movwf	tblptrh,c
  1101  0008AE                     	if	0	;There are less than 3 active tblptr bytes
  1102  0008AE                     	endif
  1103  0008AE  0008               	tblrd		*
  1104  0008B0  006F FFD4  F001    	movff	tablat,??_SPI1_Open
  1105  0008B6  4601               	rlncf	??_SPI1_Open^0,f,c
  1106  0008B8  4601               	rlncf	??_SPI1_Open^0,f,c
  1107  0008BA  4601               	rlncf	??_SPI1_Open^0,f,c
  1108  0008BC  50C4               	movf	196,w,c	;volatile
  1109  0008BE  1801               	xorwf	??_SPI1_Open^0,w,c
  1110  0008C0  0BF7               	andlw	-9
  1111  0008C2  1801               	xorwf	??_SPI1_Open^0,w,c
  1112  0008C4  6EC4               	movwf	196,c	;volatile
  1113  0008C6                     
  1114                           ; BSR set to: 61
  1115                           ;mcc_generated_files/spi1.c: 89:         SPI1CON0bits.EN = 1;
  1116  0008C6  8F14               	bsf	20,7,b	;volatile
  1117  0008C8                     l140:
  1118                           
  1119                           ; BSR set to: 61
  1120  0008C8  0012               	return		;funcret
  1121  0008CA                     __end_of_SPI1_Open:
  1122                           	callstack 0
  1123                           
  1124                           	psect	rparam
  1125  0000                     
  1126                           	psect	idloc
  1127                           
  1128                           ;Config register IDLOC0 @ 0x200000
  1129                           ;	unspecified, using default values
  1130  200000                     	org	2097152
  1131  200000  0FFF               	dw	4095
  1132                           
  1133                           ;Config register IDLOC1 @ 0x200002
  1134                           ;	unspecified, using default values
  1135  200002                     	org	2097154
  1136  200002  0FFF               	dw	4095
  1137                           
  1138                           ;Config register IDLOC2 @ 0x200004
  1139                           ;	unspecified, using default values
  1140  200004                     	org	2097156
  1141  200004  0FFF               	dw	4095
  1142                           
  1143                           ;Config register IDLOC3 @ 0x200006
  1144                           ;	unspecified, using default values
  1145  200006                     	org	2097158
  1146  200006  0FFF               	dw	4095
  1147                           
  1148                           ;Config register IDLOC4 @ 0x200008
  1149                           ;	unspecified, using default values
  1150  200008                     	org	2097160
  1151  200008  0FFF               	dw	4095
  1152                           
  1153                           ;Config register IDLOC5 @ 0x20000A
  1154                           ;	unspecified, using default values
  1155  20000A                     	org	2097162
  1156  20000A  0FFF               	dw	4095
  1157                           
  1158                           ;Config register IDLOC6 @ 0x20000C
  1159                           ;	unspecified, using default values
  1160  20000C                     	org	2097164
  1161  20000C  0FFF               	dw	4095
  1162                           
  1163                           ;Config register IDLOC7 @ 0x20000E
  1164                           ;	unspecified, using default values
  1165  20000E                     	org	2097166
  1166  20000E  0FFF               	dw	4095
  1167                           
  1168                           	psect	config
  1169                           
  1170                           ;Config register CONFIG1L @ 0x300000
  1171                           ;	External Oscillator Selection
  1172                           ;	FEXTOSC = OFF, Oscillator not enabled
  1173                           ;	Reset Oscillator Selection
  1174                           ;	RSTOSC = HFINTOSC_64MHZ, HFINTOSC with HFFRQ = 64 MHz and CDIV = 1:1
  1175  300000                     	org	3145728
  1176  300000  8C                 	db	140
  1177                           
  1178                           ;Config register CONFIG1H @ 0x300001
  1179                           ;	Clock out Enable bit
  1180                           ;	CLKOUTEN = OFF, CLKOUT function is disabled
  1181                           ;	PRLOCKED One-Way Set Enable bit
  1182                           ;	PR1WAY = ON, PRLOCK bit can be cleared and set only once
  1183                           ;	Clock Switch Enable bit
  1184                           ;	CSWEN = ON, Writing to NOSC and NDIV is allowed
  1185                           ;	Fail-Safe Clock Monitor Enable bit
  1186                           ;	FCMEN = ON, Fail-Safe Clock Monitor enabled
  1187  300001                     	org	3145729
  1188  300001  FF                 	db	255
  1189                           
  1190                           ;Config register CONFIG2L @ 0x300002
  1191                           ;	MCLR Enable bit
  1192                           ;	MCLRE = EXTMCLR, If LVP = 0, MCLR pin is MCLR; If LVP = 1, RE3 pin function is MCLR
  1193                           ;	Power-up timer selection bits
  1194                           ;	PWRTS = PWRT_OFF, PWRT is disabled
  1195                           ;	Multi-vector enable bit
  1196                           ;	MVECEN = OFF, Interrupt contoller does not use vector table to prioritze interrupts
  1197                           ;	IVTLOCK bit One-way set enable bit
  1198                           ;	IVT1WAY = ON, IVTLOCK bit can be cleared and set only once
  1199                           ;	Low Power BOR Enable bit
  1200                           ;	LPBOREN = OFF, ULPBOR disabled
  1201                           ;	Brown-out Reset Enable bits
  1202                           ;	BOREN = SBORDIS, Brown-out Reset enabled , SBOREN bit is ignored
  1203  300002                     	org	3145730
  1204  300002  F7                 	db	247
  1205                           
  1206                           ;Config register CONFIG2H @ 0x300003
  1207                           ;	Brown-out Reset Voltage Selection bits
  1208                           ;	BORV = VBOR_2P45, Brown-out Reset Voltage (VBOR) set to 2.45V
  1209                           ;	ZCD Disable bit
  1210                           ;	ZCD = OFF, ZCD disabled. ZCD can be enabled by setting the ZCDSEN bit of ZCDCON
  1211                           ;	PPSLOCK bit One-Way Set Enable bit
  1212                           ;	PPS1WAY = ON, PPSLOCK bit can be cleared and set only once; PPS registers remain locke
      +                          d after one clear/set cycle
  1213                           ;	Stack Full/Underflow Reset Enable bit
  1214                           ;	STVREN = ON, Stack full/underflow will cause Reset
  1215                           ;	Debugger Enable bit
  1216                           ;	DEBUG = OFF, Background debugger disabled
  1217                           ;	Extended Instruction Set Enable bit
  1218                           ;	XINST = OFF, Extended Instruction Set and Indexed Addressing Mode disabled
  1219  300003                     	org	3145731
  1220  300003  FF                 	db	255
  1221                           
  1222                           ;Config register CONFIG3L @ 0x300004
  1223                           ;	WDT Period selection bits
  1224                           ;	WDTCPS = WDTCPS_31, Divider ratio 1:65536; software control of WDTPS
  1225                           ;	WDT operating mode
  1226                           ;	WDTE = OFF, WDT Disabled; SWDTEN is ignored
  1227  300004                     	org	3145732
  1228  300004  9F                 	db	159
  1229                           
  1230                           ;Config register CONFIG3H @ 0x300005
  1231                           ;	WDT Window Select bits
  1232                           ;	WDTCWS = WDTCWS_7, window always open (100%); software control; keyed access not requi
      +                          red
  1233                           ;	WDT input clock selector
  1234                           ;	WDTCCS = SC, Software Control
  1235  300005                     	org	3145733
  1236  300005  FF                 	db	255
  1237                           
  1238                           ;Config register CONFIG4L @ 0x300006
  1239                           ;	Boot Block Size selection bits
  1240                           ;	BBSIZE = BBSIZE_512, Boot Block size is 512 words
  1241                           ;	Boot Block enable bit
  1242                           ;	BBEN = OFF, Boot block disabled
  1243                           ;	Storage Area Flash enable bit
  1244                           ;	SAFEN = OFF, SAF disabled
  1245                           ;	Application Block write protection bit
  1246                           ;	WRTAPP = OFF, Application Block not write protected
  1247  300006                     	org	3145734
  1248  300006  FF                 	db	255
  1249                           
  1250                           ;Config register CONFIG4H @ 0x300007
  1251                           ;	Configuration Register Write Protection bit
  1252                           ;	WRTB = OFF, Configuration registers (300000-30000Bh) not write-protected
  1253                           ;	Boot Block Write Protection bit
  1254                           ;	WRTC = OFF, Boot Block (000000-0007FFh) not write-protected
  1255                           ;	Data EEPROM Write Protection bit
  1256                           ;	WRTD = OFF, Data EEPROM not write-protected
  1257                           ;	SAF Write protection bit
  1258                           ;	WRTSAF = OFF, SAF not Write Protected
  1259                           ;	Low Voltage Programming Enable bit
  1260                           ;	LVP = ON, Low voltage programming enabled. MCLR/VPP pin function is MCLR. MCLRE config
      +                          uration bit is ignored
  1261  300007                     	org	3145735
  1262  300007  FF                 	db	255
  1263                           
  1264                           ;Config register CONFIG5L @ 0x300008
  1265                           ;	PFM and Data EEPROM Code Protection bit
  1266                           ;	CP = OFF, PFM and Data EEPROM code protection disabled
  1267  300008                     	org	3145736
  1268  300008  FF                 	db	255
  1269                           
  1270                           ;Config register CONFIG5H @ 0x300009
  1271                           ;	unspecified, using default values
  1272  300009                     	org	3145737
  1273  300009  FF                 	db	255
  1274                           tosu	equ	0x3FFF
  1275                           tosh	equ	0x3FFE
  1276                           tosl	equ	0x3FFD
  1277                           stkptr	equ	0x3FFC
  1278                           pclatu	equ	0x3FFB
  1279                           pclath	equ	0x3FFA
  1280                           pcl	equ	0x3FF9
  1281                           tblptru	equ	0x3FF8
  1282                           tblptrh	equ	0x3FF7
  1283                           tblptrl	equ	0x3FF6
  1284                           tablat	equ	0x3FF5
  1285                           prodh	equ	0x3FF4
  1286                           prodl	equ	0x3FF3
  1287                           indf0	equ	0x3FEF
  1288                           postinc0	equ	0x3FEE
  1289                           postdec0	equ	0x3FED
  1290                           preinc0	equ	0x3FEC
  1291                           plusw0	equ	0x3FEB
  1292                           fsr0h	equ	0x3FEA
  1293                           fsr0l	equ	0x3FE9
  1294                           wreg	equ	0x3FE8
  1295                           indf1	equ	0x3FE7
  1296                           postinc1	equ	0x3FE6
  1297                           postdec1	equ	0x3FE5
  1298                           preinc1	equ	0x3FE4
  1299                           plusw1	equ	0x3FE3
  1300                           fsr1h	equ	0x3FE2
  1301                           fsr1l	equ	0x3FE1
  1302                           bsr	equ	0x3FE0
  1303                           indf2	equ	0x3FDF
  1304                           postinc2	equ	0x3FDE
  1305                           postdec2	equ	0x3FDD
  1306                           preinc2	equ	0x3FDC
  1307                           plusw2	equ	0x3FDB
  1308                           fsr2h	equ	0x3FDA
  1309                           fsr2l	equ	0x3FD9
  1310                           status	equ	0x3FD8

Data Sizes:
    Strings     0
    Constant    5
    Data        2
    BSS         6
    Persistent  0
    Stack       0

Auto Spaces:
    Space          Size  Autos    Used
    COMRAM           95     10      18
    BANK0           160      0       0
    BANK1           256      0       0
    BANK2           256      0       0
    BANK3           256      0       0
    BANK4           256      0       0
    BANK5           256      0       0
    BANK6           256      0       0
    BANK7           256      0       0

Pointer List with Targets:

    None.

Critical Paths under _main in COMRAM

    _main->_spiexchange
    _spiexchange->_SPI1_ExchangeByte

Critical Paths under _main in BANK0

    None.

Critical Paths under _main in BANK1

    None.

Critical Paths under _main in BANK2

    None.

Critical Paths under _main in BANK3

    None.

Critical Paths under _main in BANK4

    None.

Critical Paths under _main in BANK5

    None.

Critical Paths under _main in BANK6

    None.

Critical Paths under _main in BANK7

    None.

Call Graph Tables:

 ---------------------------------------------------------------------------------
 (Depth) Function   	        Calls       Base Space   Used Autos Params    Refs
 ---------------------------------------------------------------------------------
 (0) _main                                                 6     6      0     588
                                              4 COMRAM     6     6      0
                          _SPI1_Open
                  _SYSTEM_Initialize
                        _spiexchange
 ---------------------------------------------------------------------------------
 (1) _spiexchange                                          3     2      1     463
                                              1 COMRAM     3     2      1
                  _SPI1_ExchangeByte
 ---------------------------------------------------------------------------------
 (2) _SPI1_ExchangeByte                                    1     1      0      15
                                              0 COMRAM     1     1      0
 ---------------------------------------------------------------------------------
 (1) _SYSTEM_Initialize                                    0     0      0       0
              _OSCILLATOR_Initialize
             _PIN_MANAGER_Initialize
                     _PMD_Initialize
                    _SPI1_Initialize
 ---------------------------------------------------------------------------------
 (2) _SPI1_Initialize                                      0     0      0       0
 ---------------------------------------------------------------------------------
 (2) _PMD_Initialize                                       0     0      0       0
 ---------------------------------------------------------------------------------
 (2) _PIN_MANAGER_Initialize                               0     0      0       0
 ---------------------------------------------------------------------------------
 (2) _OSCILLATOR_Initialize                                0     0      0       0
 ---------------------------------------------------------------------------------
 (1) _SPI1_Open                                            2     2      0      75
                                              0 COMRAM     2     2      0
 ---------------------------------------------------------------------------------
 Estimated maximum stack depth 2
 ---------------------------------------------------------------------------------

 Call Graph Graphs:

 _main (ROOT)
   _SPI1_Open
   _SYSTEM_Initialize
     _OSCILLATOR_Initialize
     _PIN_MANAGER_Initialize
     _PMD_Initialize
     _SPI1_Initialize
   _spiexchange
     _SPI1_ExchangeByte

 Address spaces:
Name               Size   Autos  Total    Cost      Usage
BIGRAM             7FF      0       0      20        0.0%
EEDATA             100      0       0       0        0.0%
BITBANK7           100      0       0      17        0.0%
BANK7              100      0       0      18        0.0%
BITBANK6           100      0       0      15        0.0%
BANK6              100      0       0      16        0.0%
BITBANK5           100      0       0      13        0.0%
BANK5              100      0       0      14        0.0%
BITBANK4           100      0       0      11        0.0%
BANK4              100      0       0      12        0.0%
BITBANK3           100      0       0       9        0.0%
BANK3              100      0       0      10        0.0%
BITBANK2           100      0       0       7        0.0%
BANK2              100      0       0       8        0.0%
BITBANK1           100      0       0       5        0.0%
BANK1              100      0       0       6        0.0%
BITBANK0            A0      0       0       3        0.0%
BANK0               A0      0       0       4        0.0%
BITCOMRAM           5F      0       0       0        0.0%
COMRAM              5F      A      12       1       18.9%
BITSFR_8             0      0       0     200        0.0%
SFR_8                0      0       0     200        0.0%
BITSFR_7             0      0       0     200        0.0%
SFR_7                0      0       0     200        0.0%
BITSFR_6             0      0       0     200        0.0%
SFR_6                0      0       0     200        0.0%
BITSFR_5             0      0       0     200        0.0%
SFR_5                0      0       0     200        0.0%
BITSFR_4             0      0       0     200        0.0%
SFR_4                0      0       0     200        0.0%
BITSFR_3             0      0       0     200        0.0%
SFR_3                0      0       0     200        0.0%
BITSFR_2             0      0       0     200        0.0%
SFR_2                0      0       0     200        0.0%
BITSFR_1             0      0       0     200        0.0%
SFR_1                0      0       0     200        0.0%
BITSFR               0      0       0     200        0.0%
SFR                  0      0       0     200        0.0%
STACK                0      0       0       2        0.0%
NULL                 0      0       0       0        0.0%
ABS                  0      0      12      19        0.0%
DATA                 0      0      12      21        0.0%
CODE                 0      0       0       0        0.0%


Microchip Technology PIC18 Macro Assembler V2.30 build 20200825195618 
Symbol Table                                                                                   Fri Sep 24 19:45:15 2021

                     _spiexchange 09E4                 _SPI1_ExchangeByte 0A52  
                              l40 0ACA                                l43 0A98  
                              l37 0ADC                                u10 0A70  
                              u11 0A6C                                u20 081A  
                              u21 0816                ?_SPI1_ExchangeByte 0001  
                             l106 09E2                               l140 08C8  
                             l136 0AB2                               l146 0A60  
                             l226 0A0E                               l148 0A70  
                             l149 0A74                               l229 0A1A  
                             l238 0942                               l920 0A76  
                             l930 09CA                               l922 0976  
                             l932 09CC                               l924 0986  
                             l940 0A9A                               l950 080A  
                             l934 09CE                               l926 09C6  
                             l942 0AB0                               l960 08C6  
                             l952 081A                               l936 09D0  
                             l928 09C8                               l944 0A54  
                             l954 0872                               l938 0AB4  
                             l946 0A5A                               l956 0876  
                             l948 0ACC                               l958 0896  
                             u150 0A04                               u151 0A00  
                             u207 08DE                               u160 08FA  
                             u217 0968                               u161 08F6  
                             u170 091A                               u227 0A06  
                             u171 0916                               u180 0938  
                             u237 0A10                               u181 0934  
                             u190 0966                               u191 0962  
         __size_of_PMD_Initialize 0024               ??_SPI1_ExchangeByte 0001  
                             wreg 003FE8                              l1100 08EC  
                            l1110 08FE                              l1102 08EC  
                            l1120 0956                              l1112 090A  
                            l1104 08EC                              l1122 0958  
                            l1114 091A                              l1106 08EC  
                            l1124 0966                              l1116 0926  
                            l1118 0938                              l1080 09F4  
                            l1072 09E6                              l1082 0A04  
                            l1074 09E6                              l1084 0A0C  
                            l1076 09E8                              l1092 08CA  
                            l1086 0A16                              l1078 09F0  
                            l1094 08CE                              l1088 0A18  
                            l1096 08D4                              l1098 08EC  
                            _LATA 003FBA                              _LATB 003FBB  
                            _LATC 003FBC                              _PMD0 0039C0  
                            _PMD1 0039C1                              _PMD2 0039C2  
                            _PMD3 0039C3                              _PMD4 0039C4  
                            _PMD5 0039C5                              _PMD6 0039C6  
                            _PMD7 0039C7                              _WPUA 003A41  
                            _WPUB 003A51                              _WPUC 003A61  
                            _WPUE 003A81                              _main 08CA  
                            prodh 003FF4                              prodl 003FF3  
                            start 7FFC         __end_of_SPI1_ExchangeByte 0A76  
                  _SPI1STATUSbits 003D17                      ___param_bank 000000  
  __size_of_OSCILLATOR_Initialize 0018     __end_of_OSCILLATOR_Initialize 0ACC  
                           ?_main 0001  SPI1_Open@spi1UniqueConfiguration 0002  
                           _OSCEN 0039DD                             _TRISA 003FC2  
                           _TRISB 003FC3                             _TRISC 003FC4  
              __size_of_SPI1_Open 00C2                             tablat 003FF5  
                           status 003FD8          __size_of_SPI1_Initialize 001A  
                 __initialization 0A1C                      __end_of_main 0976  
                          ??_main 0005                     __activetblptr 000001  
                          _ANSELA 003A40                            _ANSELB 003A50  
                          _ANSELC 003A60                            _RB1I2C 003A5A  
                          _RB2I2C 003A5B                            _RC3I2C 003A6A  
                          _RC4I2C 003A6B                            _RC5PPS 003A15  
                          _ODCONA 003A42                            _ODCONB 003A52  
                          _ODCONC 003A62                            _INLVLA 003A44  
                          _INLVLB 003A54                            _INLVLC 003A64  
                          _INLVLE 003A84                            _OSCFRQ 0039DF  
      __size_of_SPI1_ExchangeByte 0024                 __end_of_SPI1_Open 08CA  
                  _PMD_Initialize 0A76                      __pdataCOMRAM 0011  
                    __mediumconst 0000                            tblptrh 003FF7  
                          tblptrl 003FF6                            tblptru 003FF8  
              spiexchange@receive 0004                 _SYSTEM_Initialize 0ACC  
                      __accesstop 0060           __end_of__initialization 0A44  
              ?_SYSTEM_Initialize 0001                     ___rparam_used 000001  
                    ?_spiexchange 0002                    __pcstackCOMRAM 0001  
             ??_SYSTEM_Initialize 0001                 ??_SPI1_Initialize 0001  
          __end_of_PMD_Initialize 0A9A             SPI1_ExchangeByte@data 0001  
              _spi1_configuration 0801         __end_of_SYSTEM_Initialize 0ADE  
                 ?_PMD_Initialize 0001                           _OSCCON1 0039D9  
                         _OSCCON3 0039DB                           _SPI1CLK 003D1C  
                         _SPI1RXB 003D10                           _SPI1TXB 003D11  
                         _OSCTUNE 0039DE                           _SLRCONA 003A43  
                         _SLRCONB 003A53                           _SLRCONC 003A63  
                         __Hparam 0000                           __Lparam 0000  
                    __psmallconst 0800                           __pcinit 0A1C  
                         __ramtop 0800                           __ptext0 08CA  
                         __ptext1 09E4                           __ptext2 0A52  
                         __ptext3 0ACC                           __ptext4 0A9A  
                         __ptext5 0A76                           __ptext6 0976  
                         __ptext7 0AB4                           __ptext8 0808  
                         _counter 000D             _OSCILLATOR_Initialize 0AB4  
                      _parseIndex 0010          ??_PIN_MANAGER_Initialize 0001  
                         main@cmd 000A        __size_of_SYSTEM_Initialize 0012  
            end_of_initialization 0A44                         _SPI1TCNTL 003D12  
                       _SPI1_Open 0808              __size_of_spiexchange 0038  
                       _PORTAbits 003FCA                         _TRISCbits 003FC4  
             spiexchange@transfer 0003                   _SPI1_Initialize 0A9A  
                      ?_SPI1_Open 0001                     __pidataCOMRAM 0ADE  
          ?_OSCILLATOR_Initialize 0001               start_initialization 0A1C  
 __size_of_PIN_MANAGER_Initialize 006E                    spiexchange@ACK 0002  
                ??_PMD_Initialize 0001                       __pbssCOMRAM 000B  
         __end_of_SPI1_Initialize 0AB4            _PIN_MANAGER_Initialize 0976  
                     ??_SPI1_Open 0001                       __smallconst 0800  
                        _LATAbits 003FBA                      _SPI1CON0bits 003D14  
                        _PIR2bits 0039A2                          _SPI1BAUD 003D19  
                        _SPI1CON0 003D14                          _SPI1CON1 003D15  
                        _SPI1CON2 003D16                  ?_SPI1_Initialize 0001  
                        __Hrparam 0000                     ??_spiexchange 0003  
                        __Lrparam 0000                      __Lsmallconst 0800  
         ??_OSCILLATOR_Initialize 0001                    _timeoutCounter 000B  
                        _buttons1 0012                          _buttons2 0011  
                   __size_of_main 00AC               __end_of_spiexchange 0A1C  
                  _recievedUpdate 000F           ?_PIN_MANAGER_Initialize 0001  
                      _SPI1SCKPPS 003ADE                        _SPI1SDIPPS 003ADF  
  __end_of_PIN_MANAGER_Initialize 09E4        __end_of_spi1_configuration 0806  
